# logs of mods to asl apps
ASL_TEST_VER.asl 1.42 Thu Feb  7 09:45:52 2019 xic test error added -x flag FIXED
ASL_TEST_VER.asl        1.43	Sat Feb  9 13:54:17 2019 added vvcopy tests
win.asl                 1.9	Sat Feb 16 20:23:11 2019 added pus/pop cycle
hv.asl                  1.4	Fri Feb 22 15:46:41 2019 check for exist of header
tbqrd.asl               1.2	Sat Feb 23 00:54:06 2019 tidy
gline.asl               1.2	Sat Mar  2 11:29:59 2019 add standard includes
gline.asl               1.3	Sat Mar  2 12:55:33 2019 sindented
sindent.asl             1.15	Sat Mar  2 12:58:45 2019 added empty line filter <=2
sindent.asl             1.16	Sat Mar  2 13:01:28 2019 sindented
rp2.asl                 1.2	Sun Mar  3 12:41:16 2019 update debug
bops.asl                1.2	Thu Mar  7 23:23:13 2019 debug tidy
scalarvec.asl           1.3	Thu Mar  7 23:34:50 2019 more vec/scalar ops
array_sr.asl            1.16	Sat Mar  9 16:54:34 2019 debug/tidy
joinarray.asl           1.16	Sun Mar 10 16:39:32 2019 removed subsc by vec op 
ASL_TEST_VER.asl        1.44	Sun Mar 10 17:16:56 2019 added arraysubscbyvec
ASL_TEST_VER.asl        1.45	Mon Mar 11 17:45:46 2019 added test.log file
ASL_TEST_VER.asl        1.47	Wed Mar 13 11:09:03 2019 added Vmf tests
classbops.asl           1.2	Thu Mar 14 22:56:08 2019 tidy
ASL_TEST_VER.asl        1.48	Fri Mar 15 11:09:27 2019 creash list fix
dewhite.asl             1.2	Fri Mar 15 11:52:53 2019 str test fix
date.asl                 1.4	Mon Mar 18 10:09:15 2019 format/debug
date.asl                 1.5	Mon Mar 18 10:15:14 2019 show all date forms
sele.asl                 1.6	Mon Mar 18 10:23:59 2019 tidy/debug format
ASL_TEST_VER.asl         1.49	Sun Mar 24 07:43:45 2019 bops not added to cl test list
ASL_TEST_VER.asl         0.0	Sun Mar 24 07:45:04 2019 tdiy
ASL_TEST_VER.asl         1.50	Sun Mar 24 07:54:34 2019 rundirtests need dummy a1 parameter
dow.asl                  1.2	Sun Mar 24 08:02:13 2019 test sbump
dow.asl                  1.3	Sun Mar 24 08:02:49 2019 test sbump
ASL_TEST_VER.asl         1.51	Sun Mar 24 08:04:10 2019 removed unused function
rand.asl                 1.2	Mon Mar 25 08:42:34 2019 keep hits stats
ASL_TEST_VER.asl         1.52	Tue Mar 26 11:14:24 2019 added vmf rotate test
ASL_TEST_VER.asl         1.53	Wed Mar 27 17:58:21 2019 added abs test
ASL_TEST_VER.asl         1.54	Wed Mar 27 20:33:28 2019 added svar_range test
scat.asl                 1.2	Fri Mar 29 09:08:52 2019 multiple cat tested
ssub.asl                 1.3	Fri Mar 29 14:23:41 2019 test dir and regex pat match
cmpsetv.asl              1.2	Tue Apr  2 07:47:16 2019 tidy
ASL_TEST_VER.asl         1.55	Tue Apr  2 08:16:51 2019 runsftests -- needs to supply null arg to cart function
dynv.asl                 1.2	Wed Apr  3 13:20:00 2019 added vec increase test
getcc.asl                1.3	Sun Apr  7 15:12:32 2019 dynamic array [>300]
wex.asl                  2.46	Sun Apr  7 16:00:26 2019 exercise time lower graph
veclhrange.asl           1.2	Mon Apr  8 08:27:28 2019 more vec range tests
sindent.asl              1.17	Mon Apr  8 09:49:04 2019 trailing comment, if () no brace
svar_declare.asl         1.41	Mon Apr  8 09:51:04 2019 added more range tests
if_fold.asl              1.2	Mon Apr  8 13:59:31 2019 many fold tests WS after contuation char
graphic.asl              1.2	Wed Apr 10 07:49:47 2019 include file to connect to graphic server
selfnd2ftable.asl        1.3	Wed Apr 10 11:32:55 2019 strip ay comma from Unit
daytasker.asl            1.9	Sat Apr 20 10:02:23 2019 added yesterday,manana
readfile.asl             1.5	Sun Apr 28 07:40:38 2019 added num lines check
ASL_TEST_VER.asl         1.56	Sun Apr 28 08:02:06 2019 option to test release asl or dev aslx
wex.asl                  2.48	Sun Apr 28 15:09:27 2019 carb into separate graph
editfoods.asl            1.3	Mon Apr 29 06:31:12 2019 options
gevent.asl               1.3	Wed May  1 12:05:43 2019 added ex,ey mouse/event scr position
win_p.cpp                1.81	Thu May  2 10:42:57 2019 added decisionwindow
arms-thread.asl          1.5	Sat May  4 10:24:26 2019 arm-launch proc
text.asl                 1.9	Fri May 10 11:49:12 2019 use BV - input text not working fully
editfoods.asl            1.4	Tue May 14 07:17:59 2019 itm,unit menus
calcounter.asl           1.26	Tue Jun 18 08:49:52 2019 quantity menu
editfoods_ssp.asl        1.3	Tue Jun 18 08:50:55 2019 quantity menu
editfoods.asl            1.5	Tue Jun 18 09:25:37 2019 quantity menu
calcounter.asl           1.26	Wed Jun 19 10:12:33 2019 favorite selection
calcounter.asl           1.27	Wed Jun 19 10:13:37 2019 added cc day script
activity-logger.asl      1.2	Thu Jul  4 09:07:48 2019 auto week file
activity-logger.asl      1.3	Thu Jul  4 09:08:30 2019 bike specific menus
activity-logger.asl      1.4	Sat Jul  6 08:54:17 2019 fname parse
editfoods.asl            1.6	Mon Jul  8 06:38:36 2019 setFoodName
ASL_TEST_VER.asl         1.57	Fri Jul 19 08:53:42 2019 bugtests
showtask.asl             3.2	Wed Aug  7 17:16:57 2019 map scales
convmul.asl              1.2	Sun Aug 11 09:25:45 2019 better shift
convmul.asl              1.2	Sun Aug 11 09:26:49 2019 shift++
addmac.asl               1.2	Tue Oct  1 05:07:22 2019 use record DS
addmac.asl               1.3	Wed Oct  2 08:52:24 2019 total,save,sort
stuff2do.asl             1.56	Sat Oct 12 09:52:36 2019 local gss
calcounter.asl           1.28	Sun Nov 17 12:36:39 2019 add GMT col
gss.asl                  1.13	Mon Nov 18 07:21:30 2019 add get GMT
timer.asl                1.3	Fri Jan 10 01:56:14 2020 header str
timer.asl                1.4	Fri Jan 10 01:56:37 2020 header str
ds_sivdel.cpp            1.93	Wed Jan 29 07:31:15 2020 freeSiv
showvox.asl              1.3	Mon Feb 24 09:37:34 2020 version/regex vox search
showvox.asl              1.4	Mon Feb 24 09:43:50 2020 tbqrd add
stuff2do.asl             1.57	Mon Feb 24 10:30:51 2020 more categories 
tbqrd.asl                1.3	Tue Feb 25 10:26:59 2020 added message title box
wex_goals.asl            1.3	Tue Mar  3 07:57:45 2020 goal format
wex_screen.asl           1.4	Tue Mar  3 08:00:19 2020 goal manipulators
stuff2do.asl             1.58	Wed Mar  4 05:27:28 2020 score
wex.asl                  2.49	Wed Mar 11 09:38:27 2020 target wt symbol
calcounter_ssp.asl       1.3	Fri Mar 13 09:39:02 2020 left justify val print -6.2f
calcounter.asl           1.29	Sun Mar 15 11:21:20 2020 totals 2 rows header + sums
colors2.asl              1.4	Sun Mar 22 11:08:30 2020 added LIB routines
win.asl                  1.10	Wed Mar 25 12:00:09 2020 revise
gss.asl                  1.14	Thu Mar 26 08:41:13 2020 gotoLastPage
stuff2do.asl             1.2	Thu Mar 26 11:28:31 2020 use GSS 
basewo.asl               1.10	Sun Mar 29 09:58:32 2020 fix basewo(win) plot
readfile.asl             1.6	Fri Apr  3 19:25:54 2020 option to read any file
sops.asl                 1.3	Sun Apr 12 12:51:34 2020 incorporate most str functions into one test script
vmf.asl                  1.2	Mon Apr 13 11:30:48 2020 added rand,substitute,prune,rotate,trim,bubblesort
vmf.asl                  1.3	Mon Apr 13 11:35:45 2020 added caz
ASL_TEST_VER.asl         1.58	Fri Apr 17 07:25:54 2020 use proc-mangle names
scut.asl                 1.2	Fri Apr 17 22:20:06 2020 added slen example
README                   1.2	Fri Apr 17 23:19:01 2020 usage
if.asl                   1.2	Sat Apr 18 18:12:29 2020 consolidated all if scripts into one
while.asl                1.2	Sat Apr 18 23:33:54 2020 consolidate tests here
ptr-svarvec.asl          1.2	Sun Apr 19 11:54:16 2020 debug++
func.asl                 1.38	Tue Apr 21 16:16:17 2020 arg check of CL args
ASL_TEST_VER.asl         1.59	Tue Apr 21 16:28:52 2020 proc arg specification
subrange.asl             1.2	Sun Apr 26 10:24:40 2020 added extra tests
switch.asl               1.2	Sun Apr 26 21:22:22 2020 test promotion in proc selection
subrange.asl             1.2	Sun Apr 26 22:12:02 2020 remove ASK check(_dblevel)
mainvar.asl              1.2	Sat May  9 08:55:28 2020 added Defines
ASL_TEST_VER.asl         1.60	Sat May  9 10:03:38 2020 proc/func warning for Help()
proc_refarg.asl          2.38	Sat May  9 16:04:32 2020 type dependency
proc_refarg.asl          1.5	Sat May  9 16:05:37 2020 add asl vers 
proc_refarg.asl          1.6	Sat May  9 16:11:07 2020 tackon current asl version
proc_refarg.asl          1.7	Sat May  9 16:12:45 2020 tack on asl
proc_refarg.asl          1.8	Sat May  9 16:14:19 2020 asl
proc_refarg.asl          1.9	Sat May  9 16:15:25 2020 x
swap.asl                 2.57	Sun May 10 12:59:32 2020 added arg types
do.asl                   1.2	Tue May 12 09:48:00 2020 function words do,while,until have to be lower case
while.asl                1.3	Tue May 12 10:20:19 2020 lower case while
panarray.asl             1.3	Wed May 13 10:09:23 2020 debug,use checkFnum for pan
caz.asl                  1.2	Thu May 14 08:32:59 2020 tidy debug
caz.asl                  1.2	Thu May 14 08:33:38 2020 tidy
pan.asl                  1.3	Fri May 15 23:25:45 2020 fround/Roundup check
oa.asl                   1.2	Tue May 19 07:06:21 2020 more tests
rpS.asl                  1.3	Tue May 19 07:41:22 2020 CMF-->cmf
obprocarg.asl            1.2	Tue May 19 08:08:04 2020 CMF->cmf
ASL_TEST_VER.asl         1.61	Tue May 19 11:17:36 2020 null arg check
ASL_TEST_VER.asl         1.62	Wed May 20 23:32:34 2020 CFLAGS - no xic mask
oa2.asl                  1.2	Thu May 21 08:59:16 2020 varid,objid
class_array.asl          1.3	Fri May 22 16:46:03 2020 VC function args
lists.asl                1.2	Sat May 23 15:01:34 2020 tidy
proc.asl                 1.2	Sat May 23 23:27:05 2020 debug
ASL_TEST_VER.asl         1.63	Sun May 24 09:28:05 2020 add vmf-range test
fact.asl                 1.2	Wed Jun  3 08:17:35 2020 initial condtions 1,2 do first for XIC to work
lists.asl                1.3	Wed Jun  3 20:27:57 2020 test vec size GTE_ list declaration
svar.asl                 1.4	Mon Jun  8 21:01:14 2020 tidy
vector.asl               1.2	Tue Jun  9 20:28:45 2020 cn,co
arrayele.asl             1.38	Sun Jun 14 12:41:42 2020 xic store ptr
showtask.asl             3.3	Tue Jun 23 07:05:33 2020 use Record for turnpt access
anytask.asl              4.2	Wed Jun 24 07:29:33 2020 procs-->ootlib
hv.asl                    1.12	Mon Nov 30 09:29:21 2020 XXX
sbump.asl                1.10	Mon Nov 30 09:30:26 2020 fix srcfile
ASL2CPP.txt              1.2	Thu Dec  3 09:36:28 2020 OOP considerations
arrayele.asl             1.39	Sat Dec 19 10:26:51 2020 fastx
arrayele.asl             1.40	Sat Dec 19 10:28:02 2020 stackv
str.asl                  1.3	Sun Dec 20 08:30:53 2020 fastx
while.asl                1.4	Sun Dec 20 21:27:45 2020 fx
do.asl                   1.3	Mon Dec 21 14:28:28 2020 fx
pcol.asl                 1.2	Mon Dec 21 20:27:15 2020 check col
if.asl                   1.3	Mon Dec 21 20:29:02 2020 fx
if.asl                   1.4	Mon Dec 21 20:30:16 2020 chkN
if.asl                   1.5	Mon Dec 21 20:32:32 2020 fx
if.asl                   1.6	Mon Dec 21 20:34:14 2020 fx
if.asl                   1.7	Mon Dec 21 20:36:47 2020 len
if.asl                   1.8	Mon Dec 21 20:46:11 2020 chkStage
while.asl                1.5	Mon Dec 21 21:10:31 2020 forever test
forexp.asl               1.2	Mon Dec 21 22:22:59 2020 #include
argc.asl                 1.2	Tue Dec 22 09:15:02 2020 needs range spec fix
assign.asl               1.2	Tue Dec 22 09:34:43 2020 added Str type
arch.asl                 1.2	Tue Dec 22 09:54:09 2020 tidy
bitwise.asl              1.4	Tue Dec 22 10:06:16 2020 debug
bitwise.asl              1.5	Tue Dec 22 10:13:30 2020 added uchar ops
hash.asl                 1.2	Tue Dec 22 10:38:10 2020 debug
caz.asl                  1.3	Tue Dec 22 18:00:22 2020 debug
cmp.asl                  1.3	Tue Dec 22 22:06:47 2020 merged cmparray tests
static.asl               1.3	Wed Dec 23 10:28:22 2020 check static var increase
scat.asl                 1.2	Wed Dec 23 11:14:41 2020 xic str --> char array
spat.asl                 1.3	Wed Dec 23 11:17:59 2020 tidy comments
switch.asl               1.3	Wed Dec 23 22:44:19 2020 use void
sops.asl                 1.4	Mon Dec 28 10:26:19 2020 SQ XIC check
dynv.asl                 1.3	Mon Dec 28 21:55:45 2020 #include
debug.asl                1.13	Tue Dec 29 09:20:36 2020 debugAllowErrors
nsc.asl                  1.3	Wed Dec 30 16:56:00 2020 allowerrors
proc-ret.asl             1.5	Thu Dec 31 11:20:00 2020 xxx
proc-ret.asl             1.4	Thu Dec 31 11:23:42 2020 xx
proc-ret.asl             1.4	Thu Dec 31 11:24:54 2020 xxx
proc-ret.asl             1.4	Thu Dec 31 11:35:21 2020 xxx
proc-ret.asl             1.4	Thu Dec 31 11:40:05 2020 xxx
proc-ret.asl             1.4	Thu Dec 31 11:42:55 2020 xyz
proc-ret.asl             1.4	Thu Dec 31 11:51:39 2020 xxx
proc-ret.asl             1.4	Thu Dec 31 11:54:53 2020 
proc-ret.asl             1.4	Thu Dec 31 11:56:32 2020 
proc-ret.asl             1.4	Thu Dec 31 11:58:30 2020 
proc-ret.asl             1.4	Thu Dec 31 12:01:51 2020 vvv
proc-ret.asl             1.3	Thu Dec 31 12:52:36 2020 xxx
proc-ret.asl             1.4	Thu Dec 31 12:56:03 2020 
proc-ret.asl             1.4	Thu Dec 31 13:23:07 2020 xxx
proc-ret.asl             1.4	Thu Dec 31 13:24:20 2020 xyz
proc-ret.asl             1.4	Thu Dec 31 13:25:35 2020 xxx
proc-ret.asl             1.4	Thu Dec 31 13:26:50 2020 str return
proc-ret.asl             1.5	Thu Dec 31 13:29:59 2020 str ret
proc-ret.asl             1.6	Thu Dec 31 13:34:29 2020 Str return
proc-arg.asl             1.6	Thu Dec 31 13:53:24 2020 debug
splice.asl               1.2	Mon Jan  4 10:19:20 2021 chkN
strsplice.asl            1.2	Mon Jan  4 11:50:10 2021 svar/str
sstr.asl                 1.2	Mon Jan  4 11:58:11 2021 x
sops.asl                 1.5	Mon Jan  4 12:06:24 2021 chkN not chki
bxor.asl                 1.2	Mon Jan  4 12:40:53 2021 ^^ for pow
bitwise.asl              1.6	Mon Jan  4 12:46:19 2021 use ^ for XOR , ^^ for pow
if.asl                   1.9	Mon Jan  4 13:02:16 2021 use chkR
mops.asl                 1.2	Mon Jan  4 14:15:49 2021 ues chkStage
wdata.asl                1.3	Mon Jan  4 16:53:38 2021 >10
sele.asl                 1.7	Sun Jan 10 21:17:49 2021 tidy
scalarvec.asl            1.4	Mon Jan 11 15:13:30 2021 dbg
matrix.asl               1.2	Tue Jan 12 19:13:09 2021 DBG
svar_hash.asl            1.4	Wed Jan 13 21:11:15 2021 fields,rows
types.asl                1.2	Fri Jan 15 11:22:42 2021 create array via 2D subscript
dynv.asl                 1.4	Sat Jan 16 20:05:29 2021 Vec->Veci - vec is a siv type
swab.asl                 1.2	Sat Jan 16 21:18:56 2021 reType -memory same but reclassified as diffent type
func.asl                 1.39	Sat Jan 16 21:52:11 2021 chkStr
opxeq.asl                1.2	Sun Jan 17 10:29:34 2021 DBG
proc-arg.asl             1.7	Sun Jan 17 11:08:15 2021 svar,str procs
cmplx.asl                1.4	Tue Jan 19 08:05:59 2021 DBG
stuff2do_ssp.asl         1.2	Wed Jan 27 10:03:07 2021 update
stuff2do.asl             1.4	Wed Jan 27 10:05:15 2021 update
arch.asl                 1.3	Thu Feb  4 09:21:54 2021 added uname -a test
debug.asl                1.14	Sat Feb  6 06:54:04 2021 working variabls
caz.asl                  1.4	Sat Feb 27 09:33:14 2021 DBG
caz.asl                  1.6	02/27/2021 09:36:03 DBG
svar-hash.asl            1.5	02/27/2021 10:47:56 nrow,nfields, HASH_
vgen.asl                 1.2	02/28/2021 08:17:21 DBG
classbops.asl            1.2	03/08/2021 11:24:33 DBG
parset_e.cpp             2.85	03/09/2021 08:51:29 obptr ==> P_obptr
showigc.asl              2.2	03/10/2021 09:50:10 gevent 
m3d.asl                  1.4	03/11/2021 10:51:53 DBG
m3d_assign.asl           1.2	03/11/2021 10:52:56 DBG
ptrs.asl                 1.2	03/13/2021 09:40:47 pushsiv
regex.asl                1.42	03/14/2021 10:42:28 DBG
tarrayarg.asl            1.38	06/28/2021 21:59:00 xxx
tarrayarg.asl            1.39	06/28/2021 22:03:18 
tarrayarg.asl            1.39	06/28/2021 22:04:40 
tarrayarg.asl            1.38	06/28/2021 22:05:11 
tarrayarg.asl            1.38	06/28/2021 22:06:16 
tarrayarg.asl            1.39	06/28/2021 22:06:49 
tarrayarg.asl            1.38	06/28/2021 22:07:15 
tarrayarg.asl            1.38	06/28/2021 22:08:51 
arrayarg1.asl            1.38	06/28/2021 22:10:00 usage
arrayarg1.asl            1.39	06/28/2021 22:10:34 
wex.asl                  2.51	07/02/2021 15:13:46 CCFP data
wex.asl                  2.52	07/02/2021 15:24:19 tidy
anytask.asl              4.3	07/09/2021 19:47:29 tidy
m3d_assign.asl           1.3	07/11/2021 10:55:07 rework subscript code
arrayrange.asl           1.2	07/14/2021 16:12:25 xic range defaults
pan.asl                  1.4	07/22/2021 09:01:10 tidy
msquare.asl              1.2	07/25/2021 12:14:31 debug
mdiag.asl                1.2	07/25/2021 16:05:51 debug
showtask.asl             3.4	07/30/2021 09:02:34 legwos
ootlib.asl               4.2	07/30/2021 14:48:36 task_file,read,write
tpclass.asl              1.4	08/09/2021 09:57:07 debug
showrbh.asl              1.5	08/21/2021 07:47:34 tidy
median.asl               1.3	08/23/2021 06:33:06 median of vector is scalar
readfile.asl             1.7	08/23/2021 08:06:28 debug
mdele.asl                1.16	08/29/2021 06:37:58 debug
vmf_range.asl            1.3	09/02/2021 08:57:31 <- operator
ASLMAN.txt               2.4	09/04/2021 09:34:59 printargs
vops.asl                 1.2	10/11/2021 07:14:44 stride test
list_ins_del.asl         1.38	10/12/2021 09:43:17 sort
cmplx.asl                1.5	10/12/2021 13:20:34 use vmf operator <-
cmplx.asl                1.6	10/12/2021 13:27:43 tidy
cmplx.asl                1.7	10/12/2021 13:28:21 dbheader
cut.asl                  1.4	10/12/2021 13:35:43 use vmf p <-
flipdim.asl              1.3	10/12/2021 14:40:57 vmf op <-
ptr_svarvec.asl          1.4	10/12/2021 22:09:01 vmf op <-
ptr_numvec.asl           1.2	10/12/2021 22:10:28 vmf op <-
vmf_trim.asl             1.2	10/15/2021 09:07:09 tidy
skeyval.asl              1.3	10/15/2021 10:36:07 db tidy
sindent.asl              1.18	11/03/2021 12:04:22 define/include
cbump.asl                1.8	11/04/2021 20:51:41 copyright update
subrange.asl             1.3	11/04/2021 20:56:27 pinfo
sindent.asl              1.19	11/05/2021 08:21:11 header keep asis
prepostop.asl            1.3	11/08/2021 14:28:28 tests++
while.asl                1.6	11/09/2021 14:47:53 tidy
arrayarg1.asl            1.40	11/11/2021 22:08:16 pp
sindent.asl              1.20	11/12/2021 09:04:05 refactor
scalarvec.asl            1.5	11/13/2021 11:44:02 pp
m3d.asl                  1.5	11/14/2021 09:04:56 pp
m3d_assign.asl           1.4	11/14/2021 20:00:49 pp
lhe.asl                  1.39	11/14/2021 20:21:44 pp
vgen_pan.asl             1.3	11/16/2021 21:17:03 pp
svar.asl                 1.5	11/17/2021 10:03:22 pp
rec_md.asl               1.2	11/17/2021 15:07:43 pp
rec_md.asl               1.3	11/18/2021 06:57:17 pp
lhrange.asl              1.16	11/18/2021 07:01:39 pp
array_subvec.asl         1.3	11/19/2021 07:55:53 pp
arrayjoin.asl            1.2	11/19/2021 11:53:51 pp
array_cmp.asl            1.2	11/19/2021 12:05:44 pp
switch.asl               1.4	11/20/2021 10:19:59 pp
sindent.asl              1.21	11/20/2021 10:20:44 case 0:
obcopy.asl               1.39	11/20/2021 10:28:21 pp
obprocarg.asl            1.3	11/20/2021 10:52:27 pp
arrayarg2.asl            1.38	11/23/2021 08:29:29 pp
ASLMAN.txt               2.5	11/23/2021 11:18:09 openlaser
proccall.asl             1.2	11/23/2021 12:11:15 pp
procret.asl              1.7	11/23/2021 12:16:24 pp
proc_loc_main_var.asl    1.3	11/23/2021 12:36:47 pp
static.asl               1.4	11/23/2021 12:48:20 [A
static.asl               1.6	11/23/2021 12:51:01 pp
array_ele.asl            1.41	11/23/2021 13:01:47 pp
vops.asl                 1.3	11/27/2021 10:05:43 pp
svar_table.asl           1.4	11/27/2021 22:56:25 vmf/pp
svar_hash.asl            1.6	11/27/2021 23:00:23 vmf/pp
list_ins_del.asl         1.39	11/27/2021 23:43:10 vmf/pp
lists.asl                1.4	11/27/2021 23:47:05 vmf/pp
list_ele.asl             1.3	11/27/2021 23:51:45 vmf/pp
resize.asl               1.2	11/28/2021 07:09:32 vmf/pp resize dynamic force
func.asl                 1.40	11/28/2021 07:49:03 pp/vmf
median.asl               1.4	11/29/2021 21:57:57 pp/vmf
class_mfcall.asl         1.2	11/29/2021 23:31:12 vmf
str_arg.asl              1.2	12/02/2021 10:45:45 pp/vmf
str_arg.asl              1.3	12/02/2021 10:46:14 tidy
scpy.asl                 1.4	12/02/2021 11:22:23 pp
ptr_numvec.asl            1.3	12/09/2021 21:17:40 vmf/pp
dynv.asl                  1.5	12/10/2021 09:12:05 pp/vmf
proc.asl                  1.3	12/10/2021 09:44:56 pp/vmf
ptrs.asl                  1.3	12/10/2021 20:21:25 tidy
plot_tresults.asl         1.2	12/10/2021 22:35:35 tidy
plot_tresults.asl         1.3	12/10/2021 22:38:16 pp
anytask.asl               4.4	12/11/2021 09:57:19 vmf
anytask.asl               4.5	12/11/2021 10:00:58 pp
anytask.asl               4.6	12/11/2021 10:02:46 pp
task.asl                  4.7	12/11/2021 10:12:21 try
class2.asl                1.3	12/12/2021 09:00:58 new shead
class2.asl                1.3	12/12/2021 09:01:30 
obcopy.asl                1.40	12/12/2021 09:03:30 pp
readrecord.asl            1.3	12/12/2021 09:05:29 pp
oa2.asl                   1.3	12/12/2021 09:23:54 pp
readrecord.asl           1.4	12/12/2021 11:52:54 pp
tpclass.asl              1.5	12/12/2021 15:59:42 cppit
bops.asl                 1.5	12/13/2021 10:37:20 pp
bops.asl                 1.6	12/13/2021 10:39:17 pp
bops.asl                 1.7	12/13/2021 10:40:50 pp
bops.asl                 1.8	12/13/2021 10:44:06 pp
bops.asl                 1.9	12/13/2021 10:47:18 pp
bpp.asl                  1.4	12/21/2021 11:26:44 date
debug0.asl               1.15	01/04/2022 11:39:01 pp
debug0.asl               1.16	01/04/2022 11:41:10 pp2
pp_debug.asl             1.15	01/04/2022 11:44:51 pp
xic.asl                  1.2	01/13/2022 08:53:57 vers 
xic.asl                  1.3	01/13/2022 08:58:00 vers2
xic.asl                  1.4	01/13/2022 09:13:26 v3
xic.asl                  1.5	01/13/2022 09:34:22 v4
xic.asl                  1.6	01/13/2022 09:36:59 v5
xic.asl                  1.7	01/13/2022 09:37:26 v7
procB.asl                1.4	01/13/2022 09:38:54 v1
procB.asl                1.4	01/13/2022 09:48:31 v2
procB.asl                1.4	01/13/2022 09:53:08 v4
procB.asl                1.4	01/13/2022 09:55:17 v5
procB.asl                1.4	01/13/2022 10:36:04 v5
procB.asl                1.4	01/13/2022 10:38:06 v7
procB.asl                1.4	01/13/2022 10:39:21 v9
xic.asl                  1.8	01/13/2022 10:40:07 v10
proc_loc_main_var.asl    1.4	01/13/2022 11:40:00 pp
mainvar.asl              1.2	01/25/2022 09:55:47 pp
assign.asl               1.3	01/25/2022 09:57:09 pp
array_ele.asl            1.42	01/25/2022 09:58:17 pp
record.asl               1.37	01/29/2022 09:10:50 update
record.asl               1.38	01/29/2022 09:17:14 pp
record.asl               1.39	01/29/2022 09:17:56 pp2
wex.asl                  2.53	01/31/2022 08:56:58 predict tomorrow
wex_screen.asl           1.5	01/31/2022 08:58:38 prot,fibre
wex_goals.asl            1.4	01/31/2022 09:04:34 short-term-goal
wex_glines.asl           1.3	01/31/2022 09:06:20 fat,fibre,prot glines
wex_callbacks.asl        1.2	01/31/2022 09:07:34 pp
wex_draw.asl             1.4	01/31/2022 09:08:26 fat,prot,fibre
wex_read.asl             1.6	01/31/2022 09:08:56 fat,prot,fibre
wex_compute.asl          1.2	02/02/2022 07:54:13 5 day predict
cbump.asl                1.9	02/02/2022 12:55:03 pp
wex.asl                  2.54	02/03/2022 12:38:51 day axis
wex.asl                  2.55	02/03/2022 12:40:55 pp
sbump.asl                1.11	02/04/2022 09:46:48 pp
gevent.asl               1.4	02/04/2022 09:58:26 pp
lsd_screen.asl           1.3	02/06/2022 11:50:17 pp
lsd.asl                  1.2	02/06/2022 11:51:07 pp
lsd.asl                  1.3	02/08/2022 09:30:12 more
mat_mul.asl              1.2	02/10/2022 08:26:00 pp
glidetask.asl            4.7	02/14/2022 11:20:58 pp
tpclass.asl              1.5	02/15/2022 17:26:49 pp
ootlib.asl               4.3	02/16/2022 09:34:44 pp
sindent.asl              1.22	02/16/2022 09:49:43 pp
types.asl                1.3	02/16/2022 09:58:56 pp
spat.asl                 1.4	02/16/2022 10:08:43 new fmt
ootlib.asl               4.4	02/17/2022 08:34:08 cpp
ootlib.asl               4.5	02/17/2022 08:34:41 cpp
oa.asl                   1.3	02/22/2022 15:59:57 pp
class_mfcall.asl         1.3	02/23/2022 10:51:05 dot ref
ASLMAN.txt               2.6	02/28/2022 06:33:58 howfar
buttons.asl              1.15	03/01/2022 11:01:10 pp
shead.asl                1.9	03/10/2022 14:30:18 Str srcfile
colors2.asl              1.5	03/12/2022 11:03:52 cpp compliant
wex_rates.asl            1.2	03/17/2022 21:57:39 pp
wex_types.asl            1.2	03/17/2022 21:59:43 pp
test_glines.asl          1.3	04/21/2022 13:32:48 CPP/ASL detection
test_glines.asl          1.4	04/21/2022 13:34:50 pp

showtask.asl             3.8	06/17/2022 07:47:00 cat4
sbump.asl                1.12	06/17/2022 07:48:25 padHDR
sbump.asl                1.13	06/17/2022 07:50:18 cat2
shead.asl                1.10	06/17/2022 07:53:06 tidy
wex.asl                  2.56	06/17/2022 07:54:49 cpp vers
test_glines.asl          1.5	06/17/2022 07:56:17 sWova test
showtask.asl             3.7	06/20/2022 19:31:21 cpp igc vec mods
aslinfo.asl              1.14	06/20/2022 21:13:03 update
sbump.asl                1.14	06/21/2022 07:03:49 cat head body
showtask.asl             3.8	06/22/2022 08:56:24 SVR_
showvox.asl              1.5	07/05/2022 16:19:28 revise, cpp compliant
screen_vox.asl           1.2	07/05/2022 16:36:05 cpp
procs_vox.asl            1.2	07/05/2022 16:58:21 cpp
iproc.asl                1.3	07/26/2022 20:33:43 return type
cbump.asl                1.10	07/28/2022 10:51:42 revise with Svar copy/write
color_table_unique.asl   1.2	07/30/2022 09:34:24 hex guard
plotchart.asl            1.4	07/30/2022 09:34:59 revise for new sWo
plot_tile.asl            1.4	07/30/2022 14:21:57 revise + comments
ASLMAN.txt               2.7	07/30/2022 14:25:28 vunique
gevent.asl               1.5	07/31/2022 07:59:31 cpp revise
colors_test.asl          1.7	07/31/2022 14:08:35 gevent LIB
splay.asl                1.6	08/27/2022 20:35:52 update to proc call
ddtodms.asl              1.3	09/10/2022 10:23:48 pp
showvox.asl              1.6	12/02/2022 10:38:00 update -pre cpp
glidetask.asl            4.8	02/07/2023 10:34:08 reorder table
plot.asl                 1.4	02/17/2023 21:04:32 update sWo woargs
aslinfo.asl              1.15	02/19/2023 10:19:36 pretty print update
ASL_TEST_VER.asl         1.64	03/12/2023 12:15:34 Str type spec - tidy
aslinfo.asl              1.16	04/03/2023 11:22:40 TDB searchfile
buttons.asl              1.16	07/11/2023 13:39:39 
pline.asl                1.3	07/12/2023 12:35:06 
pline.asl                1.3	07/12/2023 13:26:36 woargs
pline.asl                1.3	07/12/2023 13:32:58 xx
pline.asl                1.3	07/12/2023 13:38:59 x2
pline.asl                1.3	07/12/2023 13:42:00 
pline.asl                1.4	07/12/2023 13:43:41 woargs
pline.asl                1.5	07/12/2023 13:45:15 woargs
pline.asl                1.6	07/12/2023 13:46:21 hdr tidy
vmf_slen.asl             1.2	07/24/2023 21:44:41 VMF check
gevent.asl               1.6	07/29/2023 16:19:39 use GEV__  as var name prefix  _GEV would be seen as tag arg
testargs.asl             1.4	07/29/2023 16:22:59 use for debug tag arg
consts.asl               1.2	08/01/2023 08:03:27 change to name_ from _name
tsk_ootlib.asl           4.6	08/11/2023 15:59:39 tidy - for cpp trans
tsk_tpclass.asl          1.6	08/11/2023 16:35:59 tidy
cbump.asl                1.11	08/13/2023 10:43:54 vers number
bops.asl                 1.10	08/28/2023 07:09:12 cpp
sindent.asl              1.23	10/14/2023 07:08:14 EO error output optional
scmp_syntax.asl          1.2	10/22/2023 13:50:54 tidy
spat.asl                 1.5	10/22/2023 21:39:05 tidy
splice.asl               1.3	10/22/2023 21:42:43 tidy
split.asl                1.2	10/22/2023 21:53:50 split original string in first field of Svar
vgen.asl                 1.3	11/23/2023 05:43:15 fileDB
wex.asl                  2.57	11/23/2023 20:27:31 cpp_prep
declare.asl              1.2	11/23/2023 20:51:11 Gevent - ds_sivnew icode
decc.asl                 1.4	11/24/2023 09:28:59 tidy
resize.asl               1.3	11/24/2023 09:40:25 tidy
resize.asl               1.4	11/24/2023 09:42:16 tidy2
resize.asl               1.5	11/24/2023 09:42:53 tidy4
resize.asl               1.6	11/24/2023 09:43:37 tidy6
resize.asl               1.7	11/24/2023 09:44:46 t8
resize.asl               1.8	11/24/2023 09:45:47 t10
fops.asl                 1.5	11/25/2023 07:59:27 PP
iproc.asl                1.4	11/25/2023 21:33:33 PP
rec_read.asl             1.3	12/09/2023 19:02:54 tidy
class2.asl               1.4	12/31/2023 08:15:17 tidy
ASLMAN.txt               2.8	12/31/2023 11:49:28 update _clarg
oa2.asl                  1.4	01/12/2024 05:00:26 DB
sih.asl                  1.3	01/21/2024 07:33:18 DB
classvar.asl             1.3	01/29/2024 14:31:22 DB
classvar.asl             1.4	01/29/2024 15:17:31 color of fruit was missing not seen as error now correct? 
classbops.asl            1.3	01/29/2024 15:23:14 test of revised OO code
classmfcall.asl          1.4	01/29/2024 15:24:43 test revise OO
poffset.asl              1.2	01/31/2024 07:56:45 ask
rpS.asl                  1.4	01/31/2024 15:52:16 DB
rp2.asl                  1.3	01/31/2024 15:58:42 Cmf type
arraysubvec.asl          1.4	02/02/2024 06:52:36 DB
mdele.asl                1.17	02/02/2024 11:55:29 DB updae
obcopy.asl               1.41	02/04/2024 00:07:12 . versus ->
obprocarg.asl            1.4	02/04/2024 00:08:46 . fpr ->
rp2.asl                  1.4	02/09/2024 06:16:17 db
colors.asl               1.6	03/10/2024 10:32:29 GEV
arrayele.asl             1.43	03/10/2024 10:44:17 tests++
colors2.asl              1.7	03/10/2024 20:03:14 tidy
color_wheel.asl          1.5	03/11/2024 00:45:01 update new syntax
color_wheel.asl          1.6	03/11/2024 00:45:39 tidy
iproc.asl                1.5	03/14/2024 07:31:49 callip xic mod
arrayjoin.asl            1.3	03/23/2024 10:01:54 add vvcart
cast-vec.asl             1.3	03/23/2024 14:35:01 int+ float to inot
vector.asl               1.3	03/23/2024 22:36:43 DB ask
fio.asl                  1.3	03/30/2024 16:52:10 tidy
svar.asl                 1.6	04/01/2024 12:51:42 TRY1
svar.asl                 1.7	04/01/2024 12:55:08 TRY2
svar.asl                 1.8	04/01/2024 12:56:00 try3
xor.asl                  1.3	04/01/2024 13:00:26 TR5
xor.asl                  1.3	04/01/2024 13:03:14 tidy
vvcopy.asl               1.3	04/01/2024 13:06:19 tdiidy
vvcopy.asl               1.4	04/01/2024 13:08:18 sindented
nestclass.asl            1.5	04/23/2024 15:12:03 update E.B.t
test_routines.asl                                                                                                                                                                                                                                                                                                                                                                                                                                                                                                                                                                                                                           1.3	05/14/2024 10:10:03 remove doxic
recread.asl              1.4	05/26/2024 16:11:39 db mods
recread.asl              1.4	05/26/2024 16:13:21 DB mods
svarele.asl              1.6	05/27/2024 11:35:09 dballow
mih.asl                  1.3	05/30/2024 13:19:28 dot ref
sih.asl                  1.4	05/30/2024 14:12:51 proc args[A
sindent.asl              1.24	06/01/2024 15:28:26 no str-->Str
fio.asl                  1.3	06/12/2024 17:48:39 tests++
cmp.asl                  1.4	06/12/2024 18:02:49 [Atests++
shift.asl                1.3	06/12/2024 18:06:45 use dot for vmf mbr func
rowzoom.asl              1.3	06/12/2024 18:09:56 DB
findval.asl              1.4	06/13/2024 14:33:19 [ATidy
skeyval.asl              1.4	06/13/2024 17:35:40 DB
bubblesort.asl           1.4	06/13/2024 18:12:47 [A-> vs .
caz.asl                  1.7	06/13/2024 18:16:14 [A[A-> vs .
fscanv.asl               1.2	06/13/2024 18:20:07 -> vs .
mdrange.asl              1.2	06/13/2024 18:56:15 chkN comment
ootlib.asl               4.6	06/20/2024 22:24:23 Tunp
mops.asl                 1.3	06/25/2024 02:40:24 pre-CPP
define.asl               1.3	06/25/2024 23:16:53 BDB
shead.asl                1.11	06/30/2024 14:43:37 CPP template
colors.asl               1.7	07/04/2024 23:23:58 revise
pfmt.asl                 1.2	07/09/2024 15:23:27 test CPP 
showRBH.asl              1.5	07/10/2024 14:34:04 update CPP trans
ASL_TEST_VER.asl         1.65	07/16/2024 19:16:25 test specific release
colors.asl               1.8	07/18/2024 16:18:10 
colors.asl               1.9	07/18/2024 16:21:07 
mat_sum.asl              1.6	07/20/2024 00:05:16 
mat_sum.asl              1.6	07/20/2024 00:11:17 
mat_sum.asl              1.6	07/20/2024 00:13:37 
mat_sum.asl              1.7	07/20/2024 00:15:38 
mat_sum.asl              1.8	07/20/2024 00:15:49 
mat_sum.asl              1.9	07/20/2024 00:16:01 
mat_sum.asl              1.6	07/20/2024 00:20:09                    
mat_sum.asl              1.7	07/20/2024 00:22:23                    
mat_sum.asl              1.6	07/20/2024 00:23:50                    
mat_sum.asl              1.6	07/20/2024 00:24:56                    
mat_sum.asl              1.6	07/20/2024 00:29:49                    
mat_sum.asl              1.6	07/20/2024 00:31:26                    
mat_sum.asl              1.6	07/20/2024 00:33:22                    
mat_sum.asl              1.6	07/20/2024 00:34:20                    
mat_sum.asl              1.6	07/20/2024 00:34:42                    
mat_sum.asl              1.6	07/20/2024 00:51:27                    
mat_sum.asl              1.6	07/20/2024 00:52:59                    
mat_sum.asl              1.7	07/20/2024 00:54:01                    
mat_sum.asl              1.8	07/20/2024 00:54:36 
colors.asl               1.10	07/20/2024 00:55:52 
mat_sum.asl              1.9	07/20/2024 15:10:16 
sbump.asl                1.15	07/20/2024 15:11:17 
colors.asl               1.11	07/20/2024 15:13:32 
