# logs of mods to asl code
screen_p.cpp            1.77	Wed Feb  6 14:45:39 2019 mousecursor: curs_id as number
wcom.h                  2.8	Thu Feb  7 07:30:21 2019 mod to mousecursor functions
x_sw.cpp                1.97	Thu Feb  7 07:32:59 2019 mousecursor curs_id number
ds_siv.cpp              2.65	Thu Feb  7 08:52:36 2019 remove dbp
ds_svar_getvarasstr.cpp 2.58	Thu Feb  7 08:53:46 2019 remove dbp
ds_recordstore.cpp      1.80	Thu Feb  7 11:27:04 2019 fix storeCopyRecord lhoffset
svarg_e.cpp             2.23	Thu Feb  7 13:48:06 2019 removed GetArgSiv -->getArgSiv
signal_e.cpp            2.55	Thu Feb  7 13:51:04 2019 GetArgSiv -->getArgSiv
gscom.cpp               1.85	Thu Feb  7 13:53:16 2019 curs_id -->wcurs_id
ds_sivarray.cpp         2.67	Thu Feb  7 14:09:10 2019 clearsubi removed path to clearsubi on SVPTR/SVREF
ds_convert_store.cpp    1.94	Thu Feb  7 21:11:15 2019 synced up header ds_conver_store.h
ds_utils.cpp            1.55	Thu Feb  7 21:23:20 2019 hex detect fix
toknum.cpp              1.76	Thu Feb  7 23:34:52 2019 hack to prevent pan constant use in XIC- needs better fix
token.h                 2.3	Fri Feb  8 07:36:34 2019 added IsCtypeInt, IsCtypeReal
toknum.cpp              1.76	Fri	Feb  8 07:43:57 2019 check for int/float constants in pan expressions
svar_find.cpp           1.63	Fri Feb  8 10:04:23 2019 rename ds_svar_find --> svar_find
svar_hash.cpp           1.64	Fri Feb  8 10:05:20 2019 rename ds_svar_hash -->svar_hash
svar_read.cpp           1.60	Fri Feb  8 10:06:20 2019 rename ds_svar_read --> svar_read
stat_m.cpp              1.95	Fri Feb  8 19:16:35 2019 zero cof vect in polycof
ic_push.cpp             1.60	Sat Feb  9 12:03:36 2019 clear PROC_ARG_REF on first ref to var
ds_sivmem.cpp           1.89	Sat Feb  9 20:57:58 2019 resetvar - if SVPTR - don't try to free array bounds -TBV
ds_storesvar.cpp        1.79	Sun Feb 10 21:10:03 2019 hack to make sure siv is a svar - TBF
cw_l.cpp	               1.71	 Fri Feb 15 05:06:31 2019 wrap () around non assignment expression if needed for syntax
wcom_sw.cpp             1.93	Tue Feb 19 03:01:37 2019 removed GS_window - use GS_Port
wcom_msg.cpp            1.90	Tue Feb 19 03:03:21 2019 GS_port 
x_sw.cpp                1.98	Tue Feb 19 03:07:22 2019 GS_port
gscom.cpp               1.86	Tue Feb 19 03:16:18 2019 removed GS_window cons/dest -- GS_port to be used
gsocket_l.cpp           1.20	Tue Feb 19 04:19:59 2019 use GS_port
sop_l.cpp               1.83	Thu Feb 21 14:36:29 2019 remove Dbp statements
wcom_msg.cpp            1.91	Fri Feb 22 00:07:46 2019 sock msg - SRS Msg hdr controls read of Msg content - not asl function suggestion
asl.cpp                 1.87	Sat Feb 23 13:43:19 2019 fix for overwrite GS_port fname using -X option
asl.cpp                 1.89	Sun Feb 24 02:26:45 2019 sockets
reply_w.cpp             1.33	Mon Feb 25 18:15:10 2019 add gwm_get_win_coors
reply_w.cpp             1.33	Mon Feb 25 18:16:06 2019 get_win_coors
table_w.cpp             1.43	Mon Feb 25 18:16:39 2019 get_win_coors
win_p.cpp               1.80	Mon Feb 25 19:07:34 2019 added wgetcoors
win.h                   2.4	Mon Feb 25 23:26:14 2019 remove BURIED attrb add ISOL
win.h                   2.5	Wed Feb 27 13:45:23 2019 added ws (which screen) to window struct - w_num int to short
move_w.cpp              1.24	Wed Feb 27 23:30:32 2019 track which screen window is on
prep_e.cpp              2.49	Thu Feb 28 23:58:16 2019 added SMALL_,MEDIUM_,BIG_
sargs.h                 2.3	Fri Mar  1 00:14:38 2019 added getArgFont
svarg_e.cpp             2.24	Fri Mar  1 00:15:36 2019 added getArgFont-revise getArgHue
gscom.cpp               1.87	Fri Mar  1 02:29:23 2019 strcasecmp for SYMBOL wo type
wo.h                    1.28	Fri Mar  1 09:33:09 2019 removed wsw - not used
swin.h                  1.30	Fri Mar  1 10:20:26 2019 added waw 
spawn.cpp               1.59	Fri Mar  1 18:02:44 2019 usinf wo.tfield(WTF_FNAME) to replace fname in win
swob.h                  1.14	Sat Mar  2 00:45:20 2019 swin ---> swob -- info transfer of wob
class_mbr_e.cpp         2.35	Sun Mar  3 12:14:39 2019 fix csivp ptr_arg psiv check
stateparse_e.cpp        2.56	Sun Mar  3 12:16:20 2019 fix use findFsiv to get final class ref
ic_getsiv.cpp           1.52	Sun Mar  3 12:18:49 2019 current obj - use testPCW for LHS/RHS
test_l.cpp              1.44	Wed Mar  6 10:44:20 2019 added checkFalse
ic_getsiv.cpp           1.53	Wed Mar  6 20:45:50 2019 remove lhs/rhs obj - current object found from stack
ic_push.cpp             1.61	Wed Mar  6 20:49:19 2019 remove lhs/rhs obj - current object found from stack
ic_call.cpp             1.51	Thu Mar  7 15:20:05 2019 use ic->testCW - for objarray id in callcmf
ic_push.cpp             1.61	Thu Mar  7 15:21:45 2019 remove LHS/RHS objptr mechanism
opera_main.cpp          1.49	Thu Mar  7 23:33:14 2019 for vec/scalar op use vec type for operation not scalar
opera_opeq.cpp          1.51	Thu Mar  7 23:37:59 2019 hold needs a copy when is a vec in vec/scalar op
declare_type_e.cpp      2.38	Fri Mar  8 12:55:42 2019 use vc->testCW(VC_DYNSIZE) to dectect dynamic min sze setting
varcon_e.cpp            2.59	Fri Mar  8 12:56:46 2019 use vc->testCW(VC_DYNSIZE) and VC_DYNAMIC to replace vc->dynaimc and vc->init_dynamic
aop.h                   1.15	Sat Mar  9 10:34:25 2019 added cw 
varcon.h                1.15	Sat Mar  9 10:37:24 2019 added DYNSIZE and DYNAMIC
varcon.h                1.15	Sat Mar  9 10:39:12 2019 tidy DYNSIZE,DYNAMIC
ds_sivrange.cpp         1.93	Sat Mar  9 13:22:33 2019 aop lh and rh
ds_sivrange.cpp         1.93	Sat Mar  9 13:30:40 2019 aop lh/rh
sp_swab.cpp             1.54	Sun Mar 10 10:58:53 2019 added swab_long - swap->swab
sp_swab.cpp             1.54	Sun Mar 10 10:59:40 2019 swab_long, swab_int
sop_l.cpp               1.84	Sun Mar 10 11:20:56 2019 added swab long function
varcon_e.cpp            2.59	Sun Mar 10 23:33:49 2019 tidy
sp_vv.cpp               1.55	Tue Mar 12 08:47:21 2019 added sp_vv_icomp -- need template plus precision check TBD
sp_vv.cpp               1.55	Tue Mar 12 08:50:32 2019 tidy
ASL_TEST_VER.asl        1.46	Tue Mar 12 09:25:08 2019 added vvcomp test
ds_mdarray_sss.cpp      1.95	Tue Mar 12 13:59:07 2019 split md from vector sss code
vmf_l.cpp               1.46	Tue Mar 12 16:51:23 2019 added svar trim function
svar_init.cpp           1.62	Tue Mar 12 17:00:14 2019 added trim function
svar_init.cpp           1.63	Wed Mar 13 09:50:01 2019 added prune option to trim cuts stem to a specified length
vmf_l.cpp               1.47	Wed Mar 13 09:53:05 2019 added prune option to trim
args_parse_e.cpp        2.18	Wed Mar 13 16:29:56 2019 added error flag to svarg class - check in vmf/sfunc
ic_pic.cpp              1.57	Thu Mar 14 08:12:13 2019 remove duplicate info in pic op
array_range.cpp         2.77	Thu Mar 14 10:12:34 2019 RNGALL exit from range-eval loop
ds_siv.cpp              2.66	Thu Mar 14 21:23:00 2019 make subset - error turned of SUBI flag
proc_e.cpp              2.63	Fri Mar 15 10:44:03 2019 DoneSproc obptr null check xic
ds_sivarray.cpp         2.68	Fri Mar 15 13:04:09 2019 clearSubi fix
sop_l.cpp                1.85	Fri Mar 15 18:17:51 2019 nsc -parameter n set to be at least 1
ic_line.cpp              1.53	Sat Mar 16 12:37:09 2019 add getLine to Linec class
vmf_l.cpp                1.48	Sun Mar 17 13:09:51 2019 added option exta items to list insert
ds_lists.cpp             1.66	Sun Mar 17 14:52:46 2019 added getListItemStr hot,start,end
gs_lists.cpp             1.67	Sun Mar 17 17:06:07 2019 added getNextListItemStr,getPrevItemStr
ds_sivrange.cpp          1.94	Sun Mar 17 21:45:22 2019 fix for wd > subi_nd - check loop
ic_store.cpp             1.65	Sat Mar 23 17:42:16 2019 calculating lh offset for target array
ds_getvarasstr.cpp       2.59	Sun Mar 24 06:00:31 2019 remove info debug calls - routine is used within info
ic_print.cpp             1.59	Sun Mar 24 08:05:45 2019 fix for Fhout streaming
opera_store.cpp          1.53	Sun Mar 24 11:55:24 2019 intstore - fix to store to receiving result type
ds_storearray.cpp        1.97	Sun Mar 24 14:21:49 2019 guard for null psiv and PROC_ARG_REF
ic_parse.cpp             1.56	Sun Mar 24 16:01:12 2019 vfill needed to set aop
top_m.cpp                1.96	Mon Mar 25 08:16:40 2019 randseed returns seed used
ds_pf.cpp                1.61	Mon Mar 25 08:18:21 2019 get_time_seed fix
audio_funcs.cpp          1.33	Mon Mar 25 12:18:18 2019 get sound params returned as Svar instead of stdout
enum_e.cpp               2.39	Mon Mar 25 23:26:08 2019 fix type SVAR_TABLE not set 
vop_m.cpp                1.97	Tue Mar 26 10:58:14 2019 added vrotate func - calls vmf rotate
vmf_l.cpp                1.49	Tue Mar 26 11:11:46 2019 added rotate call to vmf::rotate
engine_e.cpp             2.16	Tue Mar 26 15:03:44 2019 tidy up EXIT_SI break/exit conditions
test_l.cpp               1.45	Thu Mar 28 10:33:51 2019 added stageComment func
wo_sheetdraw_w.cpp       1.55	Thu Mar 28 19:30:03 2019 buffer overrun of cell val to text - now use a Svar for buffer
ds_pf.cpp                1.62	Fri Mar 29 08:14:19 2019 added REG_EXTENDED to regcomp call
sop_l.cpp                1.86	Fri Mar 29 09:36:28 2019 added section cut to scut
fileop.cpp               1.72	Fri Mar 29 14:07:02 2019 added remove last char for lines in readFile
vmf_svar_l.cpp           0.1	Fri Mar 29 16:07:40 2019 added vmf version of scut
svar_regex.cpp           0.1	Fri Mar 29 16:08:33 2019 added scut 
svar_regex.cpp           0.1	Fri Mar 29 16:09:47 2019 regex ssub
sop_l.cpp                1.87	Fri Mar 29 17:18:01 2019 added spatrgx
sop_l.cpp                1.88	Fri Mar 29 23:04:50 2019 added ssub regex vers
sscan_l.cpp              1.83	Sun Mar 31 16:06:28 2019 fix for fscanf double ptr
vmf_l.cpp                1.50	Mon Apr  1 14:50:29 2019 set cmplx
table_l.cpp              1.23	Mon Apr  1 14:51:04 2019 set/setv
mat_m.cpp                1.92	Tue Apr  2 07:26:49 2019 setv -> cmpsetv
mat_m.cpp                1.93	Tue Apr  2 07:28:35 2019 tidy 
vmf_e.cpp                3.47	Thu Apr  4 06:30:55 2019 add error msg for vmf not found
parset_e.cpp             2.82	Thu Apr  4 06:33:01 2019 color red print for parse error
ic_cat.cpp               1.2	Sat Apr  6 08:48:10 2019 resolve svptr before print expand
rdp_token.cpp            1.69	Sun Apr  7 08:12:35 2019 DBPF too many %s - crash
ds_sivflags.cpp          1.82	Sun Apr  7 09:06:18 2019 added subszs info for arrays
ds_storesvar.cpp         1.80	Sun Apr  7 21:56:46 2019 svar range store
scope_findvar_e.cpp      2.52	Mon Apr  8 15:04:48 2019 clear subsc flags,offsets before use on lefthand side (xic)
findbtw_e.cpp            2.42	Mon Apr  8 15:06:04 2019 fix for WS after continuation char \ at EOL
sop_l.cpp                1.89	Wed Apr 10 08:24:14 2019 removed printf del
declare_e.cpp            2.22	Fri Apr 12 07:33:07 2019 add txtbox
statex_e.cpp             1.28	Fri Apr 12 07:33:56 2019 add txtbox code
ic_rw.cpp                1.62	Fri Apr 12 07:34:52 2019 checkReadBuf for long text statements
svar_cat.cpp             1.66	Fri Apr 12 07:36:10 2019 added cat (to_index,fr_index) - moved code from svar_init
ds_sivflags.cpp          1.83	Fri Apr 12 07:37:40 2019 used Svar for sinfo - will not overrun on very long value info
declare_e.cpp            2.23	Fri Apr 12 16:06:46 2019 added TXT_BOX escape sequence
ds_storesiv.cpp          1.84	Sun Apr 14 08:28:44 2019 using a tmplate scalar/ele into array store
tokquote.cpp             1.77	Sun Apr 14 08:31:14 2019 DQ len check
ds_convert_store.cpp     1.95	Sun Apr 14 08:32:48 2019 storeValInEle tidy
include_e.cpp            2.20	Mon Apr 15 11:33:05 2019 SincludeSM () LPPROCESS Pst last st check - XIC
ic_rw.cpp                1.63	Tue Apr 16 09:28:41 2019 clean up dbp
ic_wic.cpp               1.66	Tue Apr 16 09:32:09 2019 clean up dbt comments
asl_sig.cpp              1.63	Tue Apr 16 12:01:42 2019 fix/alert for missing shift args -  asl -s   and no input value
svarg_e.cpp              2.25	Thu Apr 18 16:06:26 2019 added getArgP -- copies pan value to sfunc
ap_mem.cpp               1.23	Fri Apr 19 09:09:10 2019 setExpZero
mop_m.cpp                1.94	Fri Apr 19 13:20:16 2019 added isarmstong
pan.h                    2.3	Fri Apr 19 13:23:19 2019 added getAsStr, setExpZero
ap_math.cpp              1.22	Fri Apr 19 13:25:21 2019 getAsStr
ap_radix.cpp             1.24	Sat Apr 20 08:36:02 2019 radix code - extracted from ap_mem
ap_cmp.cpp               1.21	Sat Apr 20 08:38:41 2019 cmp code extracted from ap_funcs
ap_funcs.cpp             1.21	Sat Apr 20 09:05:01 2019 reorg code --> ap_cmp ap_radix
user.cpp                 1.14	Wed Apr 24 17:19:51 2019 adding in armstrong find
ap_math.cpp              1.23	Thu Apr 25 09:02:06 2019 storeAsPan ((Pan &p, int ele)
ds_storenumber.cpp       1.70	Thu Apr 25 09:06:13 2019 storeNumber(Pan &p, int woffset)
ds_storenumber.cpp       1.71	Thu Apr 25 09:26:08 2019 storeNumber can store into array offset
array_store.cpp          2.76	Thu Apr 25 12:40:26 2019 PAN transfer
ds_arraycopy.cpp         2.67	Thu Apr 25 12:49:43 2019 pan copy
ap_copy.cpp              1.21	Thu Apr 25 13:14:15 2019 copy routines moved here
ap_store.cpp             1.21	Thu Apr 25 13:14:39 2019 store routines moved here
ap_set.cpp               1.21	Thu Apr 25 13:15:01 2019 set routines moved her
ap_mem.cpp               1.24	Thu Apr 25 13:16:47 2019 reorg - all mem routines here
firstpass_e.cpp          2.29	Fri Apr 26 07:07:50 2019 stdout error for missing src/include file
ds_debug.cpp             1.65	Fri Apr 26 07:56:26 2019 asl_error_msg sets serror
asl.cpp                  2.6	Fri Apr 26 12:05:17 2019 mod to work as aslx
ap_mem.cpp               1.25	Fri Apr 26 14:01:43 2019 attachPan for Array
wo_w.cpp                 1.61	Sun Apr 28 15:10:38 2019 release button checks button type
rdrec.cpp                1.78	Mon Apr 29 12:13:09 2019 clear input words before new line read
wcom_msg.cpp             1.92	Wed May  1 16:31:25 2019 add mouse position ex,ey to asl_event
ds_sivevent.cpp          1.96	Thu May  2 09:34:50 2019 added ex,ey mouse position
decision_w.cpp           1.8	Fri May  3 12:35:27 2019 fonts/spacing
fonts_w.cpp              1.43	Fri May  3 12:36:02 2019 added font routines here
com_spmi.cpp             1.84	Fri May  3 16:11:47 2019 revise bg command
scopesindex_e.cpp        2.80	Sun May  5 11:57:57 2019 PROC_ARG_DECLARE -- should not check for Global of same name
svar_hash.cpp            1.65	Thu May  9 07:09:38 2019 make addkey return index into table if successful else -1
title_w.cpp              1.47	Fri May 10 09:20:08 2019 title font to small - win_error_codes
xdebug.cpp               1.61	Fri May 10 09:21:10 2019 added win_error_codes msg
fonts_w.cpp              1.44	Fri May 10 11:51:54 2019 revise gsfont - add name - rotated fonts now show
text_w.cpp               1.43	Fri May 10 11:53:22 2019 work to display rotated fonts
sint_l.cpp               1.13	Sat May 11 10:42:07 2019 added printargs,fprintfargs
ds_sivmem.cpp            1.90	Mon May 13 08:57:53 2019 DOB_ -> AW_DOB
ds_sivflags.cpp          1.84	Mon May 13 09:00:03 2019 AW_ flags
ds_sivflags.cpp          1.84	Mon May 13 09:01:10 2019 AW_ flags
ds_sivnew.cpp            1.91	Mon May 13 09:02:18 2019 AW_flags
ds_sivlist.cpp           1.67	Mon May 13 09:06:54 2019 AW_ flags
ds_sivdel.cpp            1.92	Mon May 13 09:08:08 2019 AW_ flags
ds_siv.cpp               2.67	Mon May 13 09:09:26 2019 AW_ flags
ap_mem.cpp               1.26	Mon May 13 09:10:47 2019 AW_flags
ap_copy.cpp              1.22	Mon May 13 09:11:45 2019 AW_ flags
ap_store.cpp             1.22	Mon May 13 09:12:30 2019 AW_ flags
ap_store.cpp             1.23	Mon May 13 09:13:39 2019 AW_ flags
ap_store.cpp             1.22	Mon May 13 09:14:22 2019 AW_ flags
array_store.cpp          2.77	Mon May 13 09:15:28 2019 AW_ flags
free_e.cpp               2.42	Mon May 13 09:17:39 2019 AW_ flags
args_process_e.cpp       2.30	Mon May 13 09:19:25 2019 list_arg, AW_ flags
ic_stack.cpp             1.63	Mon May 13 09:24:05 2019 AW_ flags
ds_storesvar.cpp         1.81	Mon May 13 09:27:18 2019 AW_ flags
ds_recordstore.cpp       1.81	Mon May 13 09:29:36 2019 AW_flags
ic_pushrec.cpp           1.2	Mon May 13 09:33:44 2019 AW_ flags
record_e.cpp             1.3	Mon May 13 09:36:30 2019 AW_ flags
num_l.cpp                2.82	Mon May 13 09:39:12 2019 AW_ flags
ic_store.cpp             1.66	Mon May 13 09:41:22 2019 AW_ flags
ds_sivbounds.cpp         2.46	Mon May 13 09:44:09 2019 AW_ flags
ds_aop.cpp               1.87	Mon May 13 09:45:51 2019 AW flags
ds_sivarray.cpp          2.69	Mon May 13 09:48:55 2019 AW_ flags
ds_sivarray.cpp          2.69	Mon May 13 09:49:57 2019 AW_ flags
declare_type_e.cpp       2.39	Mon May 13 09:56:20 2019 AW_ flags
svarg_e.cpp              2.26	Mon May 13 10:01:57 2019 AW_ flags
array_range.cpp          2.78	Mon May 13 10:04:30 2019 AW_ flags
ds_sivrange.cpp          1.95	Mon May 13 10:06:22 2019 AW_ flags
exp_e.cpp                3.51	Mon May 13 10:12:52 2019 AW_ flags
func_e.cpp               3.46	Mon May 13 10:14:21 2019 AW_ flags
proc_call_e.cpp          3.43	Mon May 13 10:16:29 2019 AW_ flags
proc_e.cpp               2.64	Mon May 13 10:17:47 2019 AW_ flags
vmf_e.cpp                3.48	Mon May 13 10:19:29 2019 AW_ flags
sint_l.cpp               1.14	Mon May 13 10:29:40 2019 AW_ flags
ic_pop.cpp               1.59	Mon May 13 10:34:36 2019 AW_ flags
svar_regex.cpp           1.2	Wed May 15 12:31:49 2019 mod for regex subexpressions
rdp_l3.cpp               1.64	Fri May 24 11:16:23 2019 EQV precedence > OR
ap_addsub.cpp            1.21	Sat May 25 10:02:56 2019 rv error check
ap_store.cpp             1.23	Sat May 25 10:04:39 2019 debug revise
rdp_l3.cpp               1.65	Tue May 28 18:47:20 2019 check precedence LT,GT  and following expr operator
fileop.cpp               1.73	Sun Jun  2 07:59:14 2019 vers update
cw_l.cpp                 1.72	Sun Jun  2 11:14:27 2019 recovery for libreadline.so.X missing -- fix via ENV var
vmf_svar_l.cpp           0.2	Sun Jun  2 11:42:37 2019 tidy
vmf_svar_l.cpp           1.18	Sun Jun  2 11:44:09 2019 tidy header
gscom.cpp                1.88	Tue Jun 18 17:26:30 2019 decode_wo_type - no underlines
po_p.cpp                 1.76	Tue Jun 18 17:28:16 2019 pop_a_menu
wo_set_p.cpp             1.85	Tue Jun 18 17:28:52 2019 pw_hash
event_l.cpp              1.21	Wed Jun 19 11:59:25 2019 ep->wovalue add to geteventtype
msg.h                    1.30	Wed Jun 19 12:02:01 2019 zero fv array
ds_records.cpp           1.88	Sat Jun 22 15:48:09 2019 sortrows add end end row option
siv.h                    2.3	Mon Jun 24 09:53:11 2019 added ValidFromOffSet
ds_convert_store.cpp     1.96	Mon Jun 24 09:54:50 2019 StoreVal now uses FromOffSet
ds_convert_store.cpp     1.96	Mon Jun 24 09:55:53 2019 StoreVal now uses FromOffSset
vmf_l.cpp                1.51	Mon Jun 24 10:48:15 2019 info print out remove < >
siv.h                    2.4	Tue Jun 25 11:12:29 2019 getPtrType
parse.h                  2.3	Tue Jun 25 17:00:41 2019 added storer_ptr
ic_store.cpp             1.67	Tue Jun 25 17:02:15 2019 added storer_ptr
ic_xic.cpp               1.67	Tue Jun 25 17:03:20 2019 storer_ptr
ic_wic.cpp               1.67	Tue Jun 25 17:04:12 2019 storer_ptr
ic_pic.cpp               1.58	Tue Jun 25 17:04:49 2019 storer_ptr
rdp_main.cpp             1.68	Tue Jun 25 17:07:05 2019 storer_ptr XIC
ic_ops.cpp               1.55	Tue Jun 25 17:08:09 2019 storer_ptr
rdp_l1.cpp               1.62	Tue Jun 25 17:09:48 2019 store_svar - use copy not transfer
ds_sivmem.cpp            1.91	Wed Jun 26 15:12:38 2019 reset_var STRV
ds_siv.cpp               2.68	Wed Jun 26 23:58:32 2019 ptr offset check - 
rdp_main.cpp             1.69	Thu Jun 27 10:16:47 2019 ptr var dereference for store op
ds_storearray.cpp        1.98	Fri Jun 28 13:37:20 2019 ptr offset vs poffset
num_l.cpp                2.83	Mon Jul  8 09:13:21 2019 added ftoa,dtoa
dbug.cpp                 1.45	Fri Jul 19 10:00:18 2019 ~break
proc_args_e.cpp          3.44	Wed Aug  7 07:21:31 2019 call_by_ref procv array type
dsp_main.cpp             1.48	Sun Aug 11 07:23:08 2019 lconvolve op vec size
wo_set_p.cpp             1.87	Sat Oct 12 13:32:48 2019 clipsize - default 0.1,0.1,0.9,0.9 - if no tag args
weekplanner.asl          1.2	Sat Nov  2 12:37:08 2019 break up scr/menu/procs
query_w.cpp              1.29	Mon Nov 18 07:38:06 2019 textwo redraw
edit_w.cpp               1.12	Tue Nov 19 09:46:41 2019 edit page uses ESC to exit not CR
edit_w.cpp               1.13	Sat Nov 23 11:53:11 2019 chbuf now int/key
mc_xw.cpp                1.49	Tue Nov 26 11:29:41 2019 added MC_WinClipFillBox -- clash theGC/WinGC ?
wo_text_w.cpp            1.59	Tue Nov 26 12:33:27 2019 added CURS_TERM for intial cursor display in getValue
edit_w.cpp               1.14	Sat Dec  7 15:40:21 2019 mod to exit edit page when click outside active wo page
wo_text_w.cpp            1.60	Sun Dec  8 05:59:49 2019 make plot char advance cahr position in the line
text_w.cpp               1.44	Sun Dec  8 06:00:26 2019 plot char advance char position on line
edit_w.cpp               1.15	Sun Dec  8 16:54:51 2019 use linklist for line content
winwo_w.cpp              1.46	Sun Dec  8 17:25:56 2019 delete pf page resources if used
edit_w.cpp               1.16	Mon Dec  9 17:46:46 2019 cursor position and blink
edit_w.cpp               1.17	Tue Dec 10 15:08:15 2019 uses linelist for edit/update
edit_w.cpp               1.18	Wed Dec 11 08:53:35 2019 recount_page_line buffer clear
edit_w.cpp               1.19	Sat Dec 14 08:21:00 2019 remove lines[] - use linelist lp->nc
edit_w.cpp               1.20	Mon Dec 16 20:37:35 2019 yank buffer insert
edit_w.cpp               1.21	Thu Dec 19 19:37:46 2019 use Svar for char buffers in edit
wo_w.cpp                 1.62	Wed Dec 25 09:15:55 2019 image functions --> image_w.cpp
mc_xw.cpp                1.50	Sat Dec 28 14:13:36 2019 added GS_WIN_X env var to set x offset placement of Xscreen
edit_w.cpp               1.22	Sun Dec 29 12:16:41 2019 added update_page - activate when click outside edit Wo
edit_w.cpp               1.23	Tue Dec 31 11:38:14 2019 add set_beg_page
edit_w.cpp               1.24	Tue Dec 31 21:31:31 2019 repaint_line - takes a start column
edit.asl                 1.10	Wed Jan  1 11:32:24 2020 new line procedure
edit_w.cpp               1.25	Wed Jan  1 22:24:13 2020 update_line_buffer
fileop.cpp               1.74	Fri Jan  3 11:17:03 2020 rework readFile
wo.h                     1.29	Sat Jan  4 07:10:20 2020 add Page ptr
page_w.cpp	 1.7	 Sun Jan 12 01:40:17 2020 split functions from edit_w
ds_getvarasstr.cpp	 2.60	 Sun Jan 12 18:35:37 2020 svar array ele
num_l.cpp	 2.84	 Sat Jan 25 21:18:24 2020 atop - single svar return
ds_sivarray.cpp	 2.70	 Wed Jan 29 07:38:53 2020 free --> sivdel
wo_p.cpp	 1.82	 Wed Jan 29 11:04:01 2020 deletegwob
sargs.h	 2.4	 Thu Jan 30 07:19:19 2020 SetUpResult2DArray
svarg_e.cpp	 2.27	 Thu Jan 30 07:21:12 2020 SetUpResult2DArray
svarg_e.cpp	 2.27	 Thu Jan 30 07:23:31 2020 SetUpResult2DArray
aop_l.cpp	 1.21	 Thu Jan 30 08:04:33 2020 added colstats,colave
statex_e.cpp	 1.29	 Sat Feb  1 11:41:01 2020 line num for DBPLINE
ds_sivrange.cpp	 1.96	 Sat Feb  1 20:29:30 2020 needs XIC mods for evalrange to work 
ic_range.cpp	 1.61	 Sat Feb  1 20:31:38 2020 mods for range to call siv evalrange
array_range.cpp	 2.79	 Sat Feb  1 20:32:39 2020 fix for EVALRANGE XIC
test_l.cpp	 1.46	 Mon Feb  3 09:10:54 2020 moved test functions to spearate test lib
ic_range.cpp	 1.62	 Tue Feb  4 22:00:59 2020 check RNGATEND correct
ds_sivrange.cpp	 1.97	 Sat Feb  8 11:16:47 2020 check dynamic expand of MD array
num_l.cpp	 2.85	 Sat Feb  8 16:17:57 2020 itoa - default base 10
test_l.cpp	 1.47	 Sun Feb  9 08:22:10 2020 comment to checkVector
ds_sivmem.cpp	 1.92	 Mon Feb 10 10:11:24 2020 attachRecord
ds_sivbounds.cpp	 2.47	 Mon Feb 10 10:12:10 2020 copyBounds
ic_pushrec.cpp	 1.3	 Thu Feb 13 21:45:32 2020 mods required by record as 2D
parrayexpand.cpp	 2.71	 Thu Feb 13 21:46:53 2020 mods required by RECORD 2D
paramexprecord.cpp	 2.71	 Thu Feb 13 21:47:38 2020 mods required by RECORD 2D
ds_matrix.cpp	 1.86	 Thu Feb 13 21:48:50 2020 mods required by 2/3/ MD range specs
ds_getvarasstr.cpp	 2.61	 Thu Feb 13 21:50:21 2020 mods for MD/RECORD range specs
ds_recordstore.cpp	 1.82	 Thu Feb 13 21:51:27 2020 mods for RECORD 2D
ds_records.cpp	 1.89	 Thu Feb 13 21:52:19 2020 mods foe RECORD 2D
ic_pushrec.cpp	 1.4	 Thu Feb 13 21:53:36 2020 mods foe RECORD 2D
ds_sivnew.cpp	 1.92	 Thu Feb 13 21:55:58 2020 mods RECORD 2D
ds_sivflags.cpp	 1.85	 Fri Feb 14 09:02:25 2020 SUBSC_LOCK
scope_e.cpp	 2.73	 Fri Feb 14 10:33:00 2020 SetArraySpecsOff
ds_arraycopy.cpp	 2.68	 Sat Feb 15 18:47:37 2020 RECORD copy from number vec or 2D array
array_store.cpp	 2.78	 Sun Feb 16 09:29:00 2020 ArrayCopyToRecord
opera_debug.cpp	 1.47	 Mon Feb 17 09:30:09 2020 added opera_debug.h
hash_e.cpp	 2.25	 Mon Feb 17 09:32:43 2020 added hash_e.h
ds_sivevent.cpp	 1.97	 Mon Feb 17 09:45:42 2020 ds_sivevent.h
init_e.cpp	 2.45	 Mon Feb 17 10:06:30 2020 added init_e.h
args_e.cpp	 2.18	 Wed Feb 19 19:32:18 2020 GetSvarVal -->getSivVal
getvar_e.cpp	 2.43	 Wed Feb 19 19:33:25 2020 GetSvarVal -->getSivVal
audio_funcs.cpp	 1.34	 Wed Feb 19 19:38:40 2020 GetSvarVal -->getSivVal
audio_ops.cpp	 1.35	 Wed Feb 19 19:39:39 2020 GetSvarVal -->getSivVal
gen_l.cpp	 2.83	 Wed Feb 19 19:57:38 2020 matgen
vmf_l.cpp	 1.52	 Thu Feb 20 08:21:41 2020 cycelrow
siv.h	 2.5	 Thu Feb 20 08:24:56 2020 setMemp
sargs.h	 2.5	 Thu Feb 20 08:25:40 2020 setArgI
vop_m.cpp	 1.98	 Sat Feb 22 08:07:21 2020 mod to Cmp CmpArray for matrix compare
vop_m.cpp	 1.99	 Sun Feb 23 09:04:56 2020 added eleToArraySpec sfunc
svar_regex.cpp	 1.3	 Mon Feb 24 09:02:19 2020 debug/tidy
svar_str.cpp	 1.64	 Mon Mar  2 08:52:05 2020 strCaseMatch, strCaseCmp
svar.h	 2.3	 Mon Mar  2 08:54:10 2020 strCaseCmp
wo_w.cpp	 1.63	 Mon Mar  2 10:29:05 2020 WO_IP_VALUE
wo_button_w.cpp	 1.47	 Mon Mar  2 10:31:08 2020 WO_IP_VALUE
wo_set_p.cpp	 1.88	 Mon Mar  2 14:08:42 2020 wo moveto
wo.h	 1.30	 Wed Mar  4 06:02:47 2020 WoInWo

prep_e.cpp	 2.50	 Thu Mar 12 08:15:02 2020 more defines
ic_pushrec.cpp	 1.5	 Fri Mar 13 18:15:16 2020 dynamic rec expand zero bound update
wo_set_p.cpp	 1.89	 Sat Mar 14 06:16:21 2020 clipsize option float vec
ic_rw.cpp	 1.64	 Sun Mar 15 06:35:33 2020 mask_src in exe
wcom_gs_sw.cpp	 1.89	 Thu Mar 19 08:38:21 2020 dbug tidy
ic_rw.cpp	 1.65	 Thu Mar 19 20:28:13 2020 mask src option started
svar_date.cpp	 1.53	 Sat Mar 21 11:55:35 2020 fix wday,monthname
colors_p.cpp	 1.2	 Sun Mar 22 10:26:10 2020 first reorg of color script calls
sop_l.cpp	 1.90	 Sun Mar 22 13:08:08 2020 getRGBfromHTMLname
po_p.cpp	 1.77	 Sun Mar 22 22:39:53 2020 plot poly
x_sw.cpp	 1.100	 Sun Mar 22 22:41:08 2020 fix setWOP (..., nf) pairs
colors.cpp	 1.81	 Mon Mar 23 22:54:19 2020 added redViolet,yelloworange
colors.cpp	 1.82	 Tue Mar 24 10:26:56 2020 added CC complementary colors
svarg_e.cpp	 2.28	 Wed Mar 25 09:34:16 2020 added getArgLtype
gline_p.cpp	 1.73	 Wed Mar 25 09:50:36 2020 use getArgLtype
com_menu.cpp	 1.82	 Thu Mar 26 09:41:56 2020 search local MENUS dir before SYS MENUS
