//////// a medida que avanzamos hacia adelante  /////
ds_sivarray - store_cmplx() Mon Apr  1 08:15:57 MDT 2019
fop/fileop.cpp - fscanv cmplx Mon Apr  1 08:24:46 MDT 2019
spil/table_l.cpp -VMF_Table_init () Mon Apr  1 10:48:43 MDT 2019
spil/vmf_l.cpp - set_(d)cmplx () Mon Apr  1 10:48:43 MDT 2019
spil/vmf_l.cpp - isdynamic Mon Apr  1 20:26:39 MDT 2019
math/mat_m.cpp setv->cmpsetv Tue Apr  2 07:24:35 MDT 2019
spe/vmf_e.cpp   add error msg for vmf not found Thu Apr  4 06:30:21 MDT 2019
parset_e.cpp color red print for parse error Thu Apr  4 06:30:21 MDT 2019
icode/ic_cat - resolve svptr - before print Thu Apr  4 06:30:21 MDT 2019
icode/ic_pushrec -- split out from ic_push Fri Apr  5 06:30:21 MDT 2019
svar/svar_init  --- removed svar subset - use parent siv aop Sun Apr  7 08:16:34 MDT 2019
asl.cpp	 2.27	 Mon Feb 17 10:39:39 2020 
version.cpp	 2.27	 Mon Feb 17 10:39:40 2020 
asl.cpp	 2.28	 Sun Feb 23 09:15:52 2020 
version.cpp	 2.28	 Sun Feb 23 09:15:52 2020 
asl.cpp	 2.29	 Wed Mar  4 10:00:53 2020 
version.cpp	 2.29	 Wed Mar  4 10:00:53 2020 
asl.cpp	 2.30	 Thu Mar 12 08:23:18 2020 
version.cpp	 2.30	 Thu Mar 12 08:23:18 2020 
asl.cpp	 2.31	 Sat Mar 14 07:15:25 2020 
version.cpp	 2.31	 Sat Mar 14 07:15:25 2020 
asl.cpp	 2.32	 Sun Mar 15 06:58:47 2020 
version.cpp	 2.32	 Sun Mar 15 06:58:47 2020 
asl.cpp	 2.33	 Thu Mar 19 09:02:42 2020 
version.cpp	 2.33	 Thu Mar 19 09:02:43 2020 
asl.cpp	 2.34	 Sun Mar 22 11:10:51 2020 
version.cpp	 2.34	 Sun Mar 22 11:10:52 2020 
asl.cpp	 2.35	 Tue Mar 24 09:11:41 2020 
version.cpp	 2.35	 Tue Mar 24 09:11:41 2020 
asl.cpp	 2.36	 Thu Mar 26 09:42:53 2020 
version.cpp	 2.36	 Thu Mar 26 09:42:53 2020 
asl.cpp	 2.37	 Thu Apr  2 00:18:36 2020 
version.cpp	 2.37	 Thu Apr  2 00:18:36 2020 
asl.cpp	 2.38	 Fri Apr  3 12:39:16 2020 
version.cpp	 2.38	 Fri Apr  3 12:39:17 2020 
asl.cpp	 2.39	 Thu Apr  9 23:40:54 2020 
version.cpp	 2.39	 Thu Apr  9 23:40:54 2020 
asl.cpp	 1.2	 Sat Apr 11 10:07:44 2020 
version.cpp	 1.1	 Sat Apr 11 10:07:44 2020 
asl.cpp	 2.40	 Sat Apr 11 10:10:58 2020 
version.cpp	 2.40	 Sat Apr 11 10:10:58 2020 
asl.cpp	 2.41	 Sun Apr 12 20:49:28 2020 
version.cpp	 2.41	 Sun Apr 12 20:49:28 2020 
asl.cpp	 2.42	 Mon Apr 13 09:35:45 2020 
version.cpp	 2.42	 Mon Apr 13 09:35:46 2020 
asl.cpp	 2.43	 Sat Apr 18 02:09:06 2020 
version.cpp	 2.43	 Sat Apr 18 02:09:06 2020 
asl.cpp	 2.44	 Tue Apr 21 11:13:18 2020 
version.cpp	 2.44	 Tue Apr 21 11:13:18 2020 
asl.cpp	 2.45	 Sun May  3 00:06:01 2020 
version.cpp	 2.45	 Sun May  3 00:06:02 2020 
asl.cpp	 2.46	 Sun May 10 12:37:04 2020 
version.cpp	 2.46	 Sun May 10 12:37:05 2020 
asl.cpp	 2.47	 Wed May 13 10:17:02 2020 
version.cpp	 2.47	 Wed May 13 10:17:03 2020 
asl.cpp	 2.48	 Sat May 16 09:56:37 2020 
version.cpp	 2.48	 Sat May 16 09:56:38 2020 
asl.cpp	 2.49	 Tue May 19 08:35:36 2020 
version.cpp	 2.49	 Tue May 19 08:35:36 2020 
asl.cpp	 2.50	 Thu May 21 10:15:03 2020 
version.cpp	 2.50	 Thu May 21 10:15:03 2020 
asl.cpp	 2.51	 Sun May 24 00:05:22 2020 
version.cpp	 2.51	 Sun May 24 00:05:22 2020 
asl.cpp	 2.52	 Mon May 25 19:26:26 2020 
version.cpp	 2.52	 Mon May 25 19:26:27 2020 
