# logs of mods to xgs code
menu.cpp                 1.31	Wed Feb 6 11:29:31 2019 added win info option
msg_w.cpp                1.25	Wed Feb 6 11:44:21 2019 moved msg window posn added msg_printf
table_w.cpp              1.42	Wed Feb 6 11:47:18 2019 gs_win_info --> gs_info_win
mc_gs.cpp                1.47	Wed Feb 6 13:07:30 2019 added gs_load_curs(int curs_id,...) version
screennav_w.cpp          1.35	Wed Feb 6 13:38:48 2019 sub enum curs ids
gmsg_w.cpp               1.14	Wed Feb 6 14:30:19 2019 add option to gwm_mousecurs to use curs_id
x_sw.cpp                 1.96	Wed Feb 6 14:40:33 2019 parameter GS_MouseCursor to use curs_id instead of curs name
gwm.h                    2.2	Wed Feb 6 18:31:38 2019 track header changes
win.h                    2.2	Wed Feb 6 18:34:57 2019 curs_id -> wcurs_id
menu.cpp                 1.32	Wed Feb 6 19:20:54 2019 gs_load_curs - use Curs_id
scale_w.cpp              1.34	Wed Feb 6 19:34:43 2019 gs_load_curs update
mc_xw.cpp                1.48	Wed Feb 6 22:13:50 2019 use New_win in MC_warp_cursor
event_w.cpp              1.13	Wed Feb 6 22:17:01 2019 gs_load_curs use curs_id
edit_w.cpp               1.11	Wed Feb 6 22:17:55 2019 gs_load_curs
interact_w.cpp           1.20	Wed Feb 6 22:18:38 2019 gs_load_curs
mc_font.cpp              1.46	Wed Feb 6 22:19:23 2019 gs_load_curs -- CC_font
resize_w.cpp             1.33	Wed Feb 6 22:20:55 2019 gs_load_curs
panel_w.cpp              1.27	Wed Feb 6 22:21:52 2019 scroll up 12 - should be tied to font ht
dori_w.cpp               1.11	Wed Feb 6 22:22:53 2019 mousecursor call
wof_w.cpp                1.49	Wed Feb 6 22:24:15 2019 gs_load_curs
move_w.cpp               1.23	Wed Feb 6 22:25:01 2019 gs_load_curs
mc_gs.cpp                1.48	Sun Feb 17 16:21:31 2019 clear base wo image as well as window image
title_w.cpp              1.45	Mon Feb 18 00:28:57 2019 using wot wob for title area
version.cpp              1.13	Mon Feb 18 04:05:55 2019 window overlap pixmap plot
wob_cr.cpp               1.41	Mon Feb 18 13:57:32 2019 mv wop_cr -> wob_cr - added DBPF
wob_cr.cpp               1.42	Mon Feb 18 17:58:19 2019 moved to gwm lib -- remove small wop lib
title_w.cpp              1.46	Mon Feb 18 21:58:25 2019 use wo->name for window title
win.h                    2.3	Mon Feb 18 23:25:09 2019 reworking title - and coms between asl/xgs
sig_w.cpp                1.40	Wed Feb 20 03:13:50 2019 GS_port
thread_w.cpp             1.44	Wed Feb 20 03:14:26 2019 GS_port
shm_w.cpp                1.39	Wed Feb 20 03:15:10 2019 GS_port
spawn.cpp                1.58	Wed Feb 20 03:16:05 2019 GS_port
delete_w.cpp             1.9	Wed Feb 20 03:17:08 2019 GS_port
serve_w.cpp              1.38	Wed Feb 20 03:18:07 2019 GS_port
menu.cpp                 1.33	Wed Feb 20 03:20:07 2019 spawn
reply_w.cpp              1.32	Wed Feb 20 03:21:03 2019 GS_port
sendmsg_w.cpp            1.37	Wed Feb 20 03:21:51 2019 GS_port
wo_w.cpp                 1.60	Wed Feb 20 03:22:51 2019 Spawn
func_g.cpp               1.22	Wed Feb 20 03:24:11 2019 Spawn
xdebug.cpp               1.60	Wed Feb 20 15:27:12 2019 use .GASP/Debug/allow file to gate files to debug stream
thread_w.cpp             1.45	Wed Feb 20 17:40:55 2019 readAslMsg
gmsg_w.cpp               1.15	Wed Feb 20 17:41:23 2019 readAslMsg
gs_port.h                1.2	Wed Feb 20 17:41:59 2019 readAslMsg
thread_w.cpp             1.45	Wed Feb 20 17:43:25 2019 readAslMsg
socket_w.cpp             1.41	Thu Feb 21 17:36:41 2019 use GS_port --- Xgs_port number can be set -p option
wo_sheetdraw_w.cpp       1.55	Thu Mar 28 19:30:03 2019 buffer overrun of cell val to text - now use a Svar for buffer
edit_w.cpp               1.26	Sat Jan 11 13:07:05 2020 edit file r/w
edit_w.cpp               1.27	Sat Jan 11 14:01:49 2020 tidy
edit_w.cpp               1.28	Sat Jan 11 16:24:55 2020 tidy
wo_text_w.cpp            1.61	Sat Jan 11 16:29:34 2020 tidy
page_w.cpp               1.8	Sun Jan 12 01:48:17 2020 page functions - from edit_w
shm_w.cpp                1.40	Mon Jan 13 03:54:40 2020 debug tidy
sig_w.cpp                1.41	Mon Jan 13 03:55:47 2020 debug tidy
interact_w.cpp           1.21	Mon Jan 13 04:02:13 2020 debug tidy
title_w.cpp              1.48	Mon Jan 13 04:31:18 2020 debug tidy
mc_font.cpp              1.47	Mon Jan 13 19:37:04 2020 loadFont MC_Font(num)
mc_font.cpp              1.48	Mon Jan 13 21:33:48 2020 uload font - wrap 10 loadable - use more?
gsfont.h                 1.6	Tue Jan 14 05:51:49 2020 add ptr to xfont struct
panel_w.cpp              1.28	Wed Jan 15 22:25:59 2020 use whole window for text
edit_w.cpp               1.28	Wed Jan 22 08:25:52 2020 cr_exit fix for Wob:getAnswer
page_w.cpp               1.9	Wed Jan 22 14:20:01 2020 added nlop - lines on page
edit.h                   1.6	Wed Jan 22 17:54:44 2020 page_up,down,end,home
page_w.cpp               1.10	Wed Jan 22 18:49:09 2020 added page_up,down,home,end - nlop
gsfont.h                 1.7	Sat Jan 25 11:25:19 2020 remove name - use FontTable
fonts_w.cpp              1.45	Sat Jan 25 11:26:11 2020 using FontTable to store get names
sendmsg_w.cpp		 1.38	Sun Feb 16 22:20:40 2020 use input parameter wo_id to get Wob*
ops_w.cpp		 1.27	Sun Feb 16 22:21:45 2020 added getWob Wob* from wo_id
wo_sheetdraw_w.cpp	1.56	Wed Feb 19 07:15:21 2020 guard for sheet cols overrun
wo_g.cpp                 1.27	Thu Mar 5 08:44:14 2020 Scrnbox functions
wo_posnsz_w.cpp          1.54	Fri Mar 6 08:51:15 2020 checkProSize
version.cpp              1.18	Mon Mar 9 22:19:23 2020 WoInWo
ops_w.cpp                1.28	Tue Mar 10 10:55:59 2020 wo double link list
winwo_w.cpp              1.47	Tue Mar 10 10:57:58 2020 wo loop
wo_w.cpp                 1.64	Tue Mar 10 10:59:14 2020 wo loop
delete_w.cpp             1.10	Tue Mar 10 10:59:54 2020 wo loop
move_w.cpp               1.25	Tue Mar 10 11:01:24 2020 WoInWo
wob_cr.cpp               1.43	Tue Mar 10 11:02:53 2020 WoInWo
wof_w.cpp                1.50	Tue Mar 10 11:04:19 2020 WoInWo
dori_w.cpp               1.12	Tue Mar 10 11:06:29 2020 move wo
event_w.cpp              1.14	Tue Mar 10 11:07:53 2020 while loop break
region_w.cpp             1.31	Tue Mar 10 11:09:03 2020 while loop limit
image_w.cpp              1.19	Thu Mar 12 07:56:07 2020 restoreBkg for Wob
move_w.cpp               1.26	Thu Mar 12 08:00:15 2020 WoInWo decode
wo.h                     1.31	Thu Mar 12 08:01:09 2020 restoreBkg
xdebug.cpp               1.62	Fri Mar 13 09:19:21 2020 local allow file checked first
move_w.cpp               1.27	Sat Mar 14 07:05:23 2020 move WoInWo via ASL func
gmsg_w.cpp               1.16	Sat Mar 14 07:06:29 2020 move WoInWo via ASL func
wo_text_w.cpp            1.62	Sat Mar 14 13:42:25 2020 use page->cptr(0)
query_w.cpp              1.30	Sat Mar 14 13:42:57 2020 wob - use createWob
delete_w.cpp             1.11	Sat Mar 14 13:43:38 2020 revise deleteWobs
winwo_w.cpp              1.48	Sat Mar 14 13:44:28 2020 DeleteWobs createWob
screennav_w.cpp          1.36	Sat Mar 14 13:45:16 2020 hwo -- pwo,nwo
ops_w.cpp                1.29	Fri Mar 20 09:32:01 2020 window_term return
version.cpp              1.19	Fri Mar 20 15:07:59 2020 window_term, kill asl thread
wo_sheetdraw_w.cpp       1.57	Sat Mar 21 07:53:23 2020 check for cell alloc per row
clock_w.cpp              1.3	Sat Mar 21 10:22:54 2020 clk_str in woCR- base color tied to Wscreen
